<?xml version="1.0" encoding="UTF-8"?>
<!-- Generated by org.testng.reporters.JUnitReportReporter -->
<testsuite skipped="0" hostname="KYB-PC" name="com.mushishi.selenium.testCase.login" tests="3" failures="0" timestamp="07 七月 2017 13:21:35 GMT" time="34.439" errors="0">
  <testcase name="testLoginHome" time="20.913" classname="com.mushishi.selenium.testCase.login"/>
  <testcase name="downOrder" time="7.500" classname="com.mushishi.selenium.testCase.login"/>
  <testcase name="testLogin" time="6.026" classname="com.mushishi.selenium.testCase.login"/>
</testsuite> <!-- com.mushishi.selenium.testCase.login -->
