<?xml version="1.0" encoding="UTF-8"?>
<!-- Generated by org.testng.reporters.JUnitReportReporter -->
<testsuite skipped="0" hostname="KYB-PC" name="com.mushishi.selenium.Login" tests="2" failures="0" timestamp="26 八月 2017 03:03:55 GMT" time="14.802" errors="0">
  <testcase name="InitDriver" time="9.507" classname="com.mushishi.selenium.Login"/>
  <testcase name="userLogin" time="5.295" classname="com.mushishi.selenium.Login"/>
</testsuite> <!-- com.mushishi.selenium.Login -->
