<?xml version="1.0" encoding="UTF-8"?>
<!-- Generated by org.testng.reporters.JUnitReportReporter -->
<testsuite skipped="0" hostname="KYB-PC" name="com.mushishi.selenium.testCase.SuiteTestLogin" tests="1" failures="0" timestamp="01 七月 2017 09:02:37 GMT" time="6.032" errors="0">
  <testcase name="testLogin" time="6.032" classname="com.mushishi.selenium.testCase.SuiteTestLogin"/>
</testsuite> <!-- com.mushishi.selenium.testCase.SuiteTestLogin -->
